mode: set
github.com/tys-muta/go-ref/pointer.go:3.25,5.2 1 1
github.com/tys-muta/go-ref/struct.go:14.79,16.51 2 0
github.com/tys-muta/go-ref/struct.go:20.2,22.36 3 0
github.com/tys-muta/go-ref/struct.go:33.2,33.12 1 0
github.com/tys-muta/go-ref/struct.go:16.51,18.3 1 0
github.com/tys-muta/go-ref/struct.go:22.36,25.53 3 0
github.com/tys-muta/go-ref/struct.go:28.3,28.46 1 0
github.com/tys-muta/go-ref/struct.go:25.53,26.12 1 0
github.com/tys-muta/go-ref/struct.go:28.46,30.4 1 0
github.com/tys-muta/go-ref/struct.go:36.82,39.84 2 0
github.com/tys-muta/go-ref/struct.go:54.2,54.17 1 0
github.com/tys-muta/go-ref/struct.go:39.84,40.34 1 0
github.com/tys-muta/go-ref/struct.go:49.3,49.13 1 0
github.com/tys-muta/go-ref/struct.go:40.34,41.22 1 0
github.com/tys-muta/go-ref/struct.go:41.22,43.5 1 0
github.com/tys-muta/go-ref/struct.go:43.10,45.5 1 0
github.com/tys-muta/go-ref/struct.go:46.9,48.4 1 0
github.com/tys-muta/go-ref/struct.go:50.29,52.3 1 0
github.com/tys-muta/go-ref/struct.go:57.38,58.21 1 0
github.com/tys-muta/go-ref/struct.go:61.2,62.27 2 0
github.com/tys-muta/go-ref/struct.go:58.21,60.3 1 0
